Arguments: 
  /usr/local/Cellar/node/10.8.0/bin/node /usr/local/Cellar/yarn/1.5.1_1/libexec/bin/yarn.js start

PATH: 
  /usr/local/opt/mysql@5.6/bin:/usr/local/opt/mysql@5.6/bin:/usr/local/opt/elasticsearch@2.4/bin:/usr/local/opt/mysql@5.6/bin:/usr/local/opt/qt@5.5/bin:/Users/akd/.rbenv/shims:/usr/local/bin:/usr/bin:/bin:/usr/sbin:/sbin

Yarn version: 
  1.5.1

Node version: 
  10.8.0

Platform: 
  darwin x64

npm manifest: 
  No manifest

yarn manifest: 
  No manifest

Lockfile: 
  No lockfile

Trace: 
  Error: Couldn't find a package.json file in "/Users/akd/projects/my_app"
      at new MessageError (/usr/local/Cellar/yarn/1.5.1_1/libexec/lib/cli.js:186:110)
      at /usr/local/Cellar/yarn/1.5.1_1/libexec/lib/cli.js:40048:15
      at Generator.next (<anonymous>)
      at step (/usr/local/Cellar/yarn/1.5.1_1/libexec/lib/cli.js:98:30)
      at /usr/local/Cellar/yarn/1.5.1_1/libexec/lib/cli.js:109:13
